<?xml version="1.0" encoding="UTF-8" ?>
<testsuite tests="4" failures="0" name="tcc.VerifyPrimeNumberTest" time="0.011" errors="0" skipped="0">
  <properties>
[...]
</properties>
  <testcase classname="tcc.VerifyPrimeNumberTest" name="testWithZero" time="0.009"/>
  <testcase classname="tcc.VerifyPrimeNumberTest" name="testIsNotAPrimeNumber" time="0.001"/>
  <testcase classname="tcc.VerifyPrimeNumberTest" name="testWithABigNotPrimeNumber" time="0.001"/>
  <testcase classname="tcc.VerifyPrimeNumberTest" name="testIsAPrimeNumber" time="0"/>
</testsuite>