<?xml version="1.0" encoding="UTF-8" ?>
<testsuite tests="114" failures="0" name="tcc.NodeCachingLinkedListTest" time="0.084" errors="0" skipped="0">
  <properties>
[...]
</properties>
  <testcase classname="tcc.NodeCachingLinkedListTest" name="testShrinkCache" time="0.002"/>
  <testcase classname="tcc.NodeCachingLinkedListTest" name="testRemoveLast" time="0"/>
  <testcase classname="tcc.NodeCachingLinkedListTest" name="testAddNodeAfter" time="0"/>
  <testcase classname="tcc.NodeCachingLinkedListTest" name="testRemoveNode" time="0"/>
  <testcase classname="tcc.NodeCachingLinkedListTest" name="testGetNode" time="0.015"/>
  <testcase classname="tcc.NodeCachingLinkedListTest" name="testRemoveFirst" time="0"/>
  <testcase classname="tcc.NodeCachingLinkedListTest" name="testListSubListFailFastOnAdd" time="0.001"/>
  <testcase classname="tcc.NodeCachingLinkedListTest" name="testListSubListFailFastOnRemove" time="0"/>
  <testcase classname="tcc.NodeCachingLinkedListTest" name="testListAddByIndexBoundsChecking" time="0"/>
  <testcase classname="tcc.NodeCachingLinkedListTest" name="testListAddByIndexBoundsChecking2" time="0.001"/>
  <testcase classname="tcc.NodeCachingLinkedListTest" name="testListAddByIndex" time="0.004"/>
  <testcase classname="tcc.NodeCachingLinkedListTest" name="testListEquals" time="0.002"/>
  <testcase classname="tcc.NodeCachingLinkedListTest" name="testListHashCode" time="0"/>
  <testcase classname="tcc.NodeCachingLinkedListTest" name="testListGetByIndex" time="0.001"/>
  <testcase classname="tcc.NodeCachingLinkedListTest" name="testListGetByIndexBoundsChecking" time="0"/>
  <testcase classname="tcc.NodeCachingLinkedListTest" name="testListGetByIndexBoundsChecking2" time="0.001"/>
  <testcase classname="tcc.NodeCachingLinkedListTest" name="testListIndexOf" time="0.001"/>
  <testcase classname="tcc.NodeCachingLinkedListTest" name="testListLastIndexOf" time="0.001"/>
  <testcase classname="tcc.NodeCachingLinkedListTest" name="testListSetByIndexBoundsChecking" time="0.001"/>
  <testcase classname="tcc.NodeCachingLinkedListTest" name="testListSetByIndexBoundsChecking2" time="0"/>
  <testcase classname="tcc.NodeCachingLinkedListTest" name="testListSetByIndex" time="0.001"/>
  <testcase classname="tcc.NodeCachingLinkedListTest" name="testUnsupportedSet" time="0"/>
  <testcase classname="tcc.NodeCachingLinkedListTest" name="testListRemoveByIndexBoundsChecking" time="0"/>
  <testcase classname="tcc.NodeCachingLinkedListTest" name="testListRemoveByIndexBoundsChecking2" time="0"/>
  <testcase classname="tcc.NodeCachingLinkedListTest" name="testListRemoveByIndex" time="0.001"/>
  <testcase classname="tcc.NodeCachingLinkedListTest" name="testListListIterator" time="0"/>
  <testcase classname="tcc.NodeCachingLinkedListTest" name="testListListIteratorByIndex" time="0.009"/>
  <testcase classname="tcc.NodeCachingLinkedListTest" name="testListListIteratorPreviousRemoveNext" time="0"/>
  <testcase classname="tcc.NodeCachingLinkedListTest" name="testListListIteratorPreviousRemovePrevious" time="0"/>
  <testcase classname="tcc.NodeCachingLinkedListTest" name="testListListIteratorNextRemoveNext" time="0"/>
  <testcase classname="tcc.NodeCachingLinkedListTest" name="testListListIteratorNextRemovePrevious" time="0.001"/>
  <testcase classname="tcc.NodeCachingLinkedListTest" name="testListIteratorAdd" time="0.001"/>
  <testcase classname="tcc.NodeCachingLinkedListTest" name="testListIteratorSet" time="0"/>
  <testcase classname="tcc.NodeCachingLinkedListTest" name="testEmptyListSerialization" time="0.006"/>
  <testcase classname="tcc.NodeCachingLinkedListTest" name="testFullListSerialization" time="0.005"/>
  <testcase classname="tcc.AbstractListTest$BulkTestSubList" name="testListSubListFailFastOnAdd" time="0.001"/>
  <testcase classname="tcc.AbstractListTest$BulkTestSubList" name="testListSubListFailFastOnRemove" time="0"/>
  <testcase classname="tcc.AbstractListTest$BulkTestSubList" name="testListAddByIndexBoundsChecking" time="0.001"/>
  <testcase classname="tcc.AbstractListTest$BulkTestSubList" name="testListAddByIndexBoundsChecking2" time="0"/>
  <testcase classname="tcc.AbstractListTest$BulkTestSubList" name="testListAddByIndex" time="0.003"/>
  <testcase classname="tcc.AbstractListTest$BulkTestSubList" name="testListEquals" time="0.001"/>
  <testcase classname="tcc.AbstractListTest$BulkTestSubList" name="testListHashCode" time="0"/>
  <testcase classname="tcc.AbstractListTest$BulkTestSubList" name="testListGetByIndex" time="0.001"/>
  <testcase classname="tcc.AbstractListTest$BulkTestSubList" name="testListGetByIndexBoundsChecking" time="0"/>
  <testcase classname="tcc.AbstractListTest$BulkTestSubList" name="testListGetByIndexBoundsChecking2" time="0"/>
  <testcase classname="tcc.AbstractListTest$BulkTestSubList" name="testListIndexOf" time="0.002"/>
  <testcase classname="tcc.AbstractListTest$BulkTestSubList" name="testListLastIndexOf" time="0.001"/>
  <testcase classname="tcc.AbstractListTest$BulkTestSubList" name="testListSetByIndexBoundsChecking" time="0.001"/>
  <testcase classname="tcc.AbstractListTest$BulkTestSubList" name="testListSetByIndexBoundsChecking2" time="0"/>
  <testcase classname="tcc.AbstractListTest$BulkTestSubList" name="testListSetByIndex" time="0.001"/>
  <testcase classname="tcc.AbstractListTest$BulkTestSubList" name="testUnsupportedSet" time="0"/>
  <testcase classname="tcc.AbstractListTest$BulkTestSubList" name="testListRemoveByIndexBoundsChecking" time="0"/>
  <testcase classname="tcc.AbstractListTest$BulkTestSubList" name="testListRemoveByIndexBoundsChecking2" time="0"/>
  <testcase classname="tcc.AbstractListTest$BulkTestSubList" name="testListRemoveByIndex" time="0.001"/>
  <testcase classname="tcc.AbstractListTest$BulkTestSubList" name="testListListIterator" time="0"/>
  <testcase classname="tcc.AbstractListTest$BulkTestSubList" name="testListListIteratorByIndex" time="0"/>
  <testcase classname="tcc.AbstractListTest$BulkTestSubList" name="testListListIteratorPreviousRemoveNext" time="0"/>
  <testcase classname="tcc.AbstractListTest$BulkTestSubList" name="testListListIteratorPreviousRemovePrevious" time="0"/>
  <testcase classname="tcc.AbstractListTest$BulkTestSubList" name="testListListIteratorNextRemoveNext" time="0"/>
  <testcase classname="tcc.AbstractListTest$BulkTestSubList" name="testListListIteratorNextRemovePrevious" time="0"/>
  <testcase classname="tcc.AbstractListTest$BulkTestSubList" name="testListIteratorAdd" time="0.001"/>
  <testcase classname="tcc.AbstractListTest$BulkTestSubList" name="testListIteratorSet" time="0.001"/>
  <testcase classname="tcc.AbstractListTest$BulkTestSubList" name="testEmptyListSerialization" time="0"/>
  <testcase classname="tcc.AbstractListTest$BulkTestSubList" name="testFullListSerialization" time="0"/>
  <testcase classname="tcc.AbstractListTest$BulkTestSubList" name="testCollectionAdd" time="0.001"/>
  <testcase classname="tcc.AbstractListTest$BulkTestSubList" name="testCollectionAddAll" time="0.001"/>
  <testcase classname="tcc.AbstractListTest$BulkTestSubList" name="testUnsupportedAdd" time="0"/>
  <testcase classname="tcc.AbstractListTest$BulkTestSubList" name="testCollectionClear" time="0"/>
  <testcase classname="tcc.AbstractListTest$BulkTestSubList" name="testCollectionContains" time="0.001"/>
  <testcase classname="tcc.AbstractListTest$BulkTestSubList" name="testCollectionContainsAll" time="0.001"/>
  <testcase classname="tcc.AbstractListTest$BulkTestSubList" name="testCollectionIsEmpty" time="0"/>
  <testcase classname="tcc.AbstractListTest$BulkTestSubList" name="testCollectionIterator" time="0"/>
  <testcase classname="tcc.AbstractListTest$BulkTestSubList" name="testCollectionIteratorRemove" time="0.001"/>
  <testcase classname="tcc.AbstractListTest$BulkTestSubList" name="testCollectionRemove" time="0.005"/>
  <testcase classname="tcc.AbstractListTest$BulkTestSubList" name="testCollectionRemoveAll" time="0.001"/>
  <testcase classname="tcc.AbstractListTest$BulkTestSubList" name="testCollectionRemoveIf" time="0.001"/>
  <testcase classname="tcc.AbstractListTest$BulkTestSubList" name="testCollectionRetainAll" time="0"/>
  <testcase classname="tcc.AbstractListTest$BulkTestSubList" name="testCollectionSize" time="0"/>
  <testcase classname="tcc.AbstractListTest$BulkTestSubList" name="testCollectionToArray" time="0"/>
  <testcase classname="tcc.AbstractListTest$BulkTestSubList" name="testCollectionToArray2" time="0"/>
  <testcase classname="tcc.AbstractListTest$BulkTestSubList" name="testCollectionToString" time="0"/>
  <testcase classname="tcc.AbstractListTest$BulkTestSubList" name="testUnsupportedRemove" time="0"/>
  <testcase classname="tcc.AbstractListTest$BulkTestSubList" name="testCollectionIteratorFailFast" time="0"/>
  <testcase classname="tcc.AbstractListTest$BulkTestSubList" name="testSerializeDeserializeThenCompare" time="0.001"/>
  <testcase classname="tcc.AbstractListTest$BulkTestSubList" name="testEqualsNull" time="0"/>
  <testcase classname="tcc.AbstractListTest$BulkTestSubList" name="testObjectEqualsSelf" time="0"/>
  <testcase classname="tcc.AbstractListTest$BulkTestSubList" name="testObjectHashCodeEqualsSelfHashCode" time="0"/>
  <testcase classname="tcc.AbstractListTest$BulkTestSubList" name="testObjectHashCodeEqualsContract" time="0"/>
  <testcase classname="tcc.AbstractListTest$BulkTestSubList" name="testSimpleSerialization" time="0"/>
  <testcase classname="tcc.NodeCachingLinkedListTest" name="testCollectionAdd" time="0"/>
  <testcase classname="tcc.NodeCachingLinkedListTest" name="testCollectionAddAll" time="0"/>
  <testcase classname="tcc.NodeCachingLinkedListTest" name="testUnsupportedAdd" time="0"/>
  <testcase classname="tcc.NodeCachingLinkedListTest" name="testCollectionClear" time="0"/>
  <testcase classname="tcc.NodeCachingLinkedListTest" name="testCollectionContains" time="0"/>
  <testcase classname="tcc.NodeCachingLinkedListTest" name="testCollectionContainsAll" time="0"/>
  <testcase classname="tcc.NodeCachingLinkedListTest" name="testCollectionIsEmpty" time="0"/>
  <testcase classname="tcc.NodeCachingLinkedListTest" name="testCollectionIterator" time="0"/>
  <testcase classname="tcc.NodeCachingLinkedListTest" name="testCollectionIteratorRemove" time="0"/>
  <testcase classname="tcc.NodeCachingLinkedListTest" name="testCollectionRemove" time="0"/>
  <testcase classname="tcc.NodeCachingLinkedListTest" name="testCollectionRemoveAll" time="0"/>
  <testcase classname="tcc.NodeCachingLinkedListTest" name="testCollectionRemoveIf" time="0"/>
  <testcase classname="tcc.NodeCachingLinkedListTest" name="testCollectionRetainAll" time="0"/>
  <testcase classname="tcc.NodeCachingLinkedListTest" name="testCollectionSize" time="0"/>
  <testcase classname="tcc.NodeCachingLinkedListTest" name="testCollectionToArray" time="0"/>
  <testcase classname="tcc.NodeCachingLinkedListTest" name="testCollectionToArray2" time="0"/>
  <testcase classname="tcc.NodeCachingLinkedListTest" name="testCollectionToString" time="0"/>
  <testcase classname="tcc.NodeCachingLinkedListTest" name="testUnsupportedRemove" time="0"/>
  <testcase classname="tcc.NodeCachingLinkedListTest" name="testCollectionIteratorFailFast" time="0"/>
  <testcase classname="tcc.NodeCachingLinkedListTest" name="testSerializeDeserializeThenCompare" time="0.001"/>
  <testcase classname="tcc.NodeCachingLinkedListTest" name="testEqualsNull" time="0"/>
  <testcase classname="tcc.NodeCachingLinkedListTest" name="testObjectEqualsSelf" time="0"/>
  <testcase classname="tcc.NodeCachingLinkedListTest" name="testObjectHashCodeEqualsSelfHashCode" time="0"/>
  <testcase classname="tcc.NodeCachingLinkedListTest" name="testObjectHashCodeEqualsContract" time="0"/>
  <testcase classname="tcc.NodeCachingLinkedListTest" name="testSimpleSerialization" time="0.001"/>
</testsuite>