<?xml version="1.0" encoding="UTF-8" ?>
<testsuite tests="15" failures="0" name="tcc.CircularLinkedListTest" time="0.03" errors="0" skipped="0">
  <properties>
[...]
</properties>
  <testcase classname="tcc.CircularLinkedListTest" name="testLookingForNonExistingElement" time="0.011"/>
  <testcase classname="tcc.CircularLinkedListTest" name="testDeleteTheOnlySingleElementInTheList" time="0.001"/>
  <testcase classname="tcc.CircularLinkedListTest" name="testPrint" time="0.011"/>
  <testcase classname="tcc.CircularLinkedListTest" name="testHead" time="0"/>
  <testcase classname="tcc.CircularLinkedListTest" name="testCurrentNodeNull" time="0.003"/>
  <testcase classname="tcc.CircularLinkedListTest" name="testRemoveANode" time="0.001"/>
  <testcase classname="tcc.CircularLinkedListTest" name="testGetHead" time="0"/>
  <testcase classname="tcc.CircularLinkedListTest" name="testGetTail" time="0.001"/>
  <testcase classname="tcc.CircularLinkedListTest" name="testListHasAnElement" time="0"/>
  <testcase classname="tcc.CircularLinkedListTest" name="testIsNotEmpty" time="0"/>
  <testcase classname="tcc.CircularLinkedListTest" name="testContains" time="0.001"/>
  <testcase classname="tcc.CircularLinkedListTest" name="testDeleteTheHead" time="0"/>
  <testcase classname="tcc.CircularLinkedListTest" name="testDeleteAValueThatDoesntExist" time="0.001"/>
  <testcase classname="tcc.CircularLinkedListTest" name="testPrintWhenHeadIsNull" time="0"/>
  <testcase classname="tcc.CircularLinkedListTest" name="testIsEmpty" time="0"/>
</testsuite>